[INFO] Scanning for projects...
[INFO] 
[INFO] --------------------< cs.msu.edu:CSCI_466_Project >---------------------
[INFO] Building CSCI_466_Project 1.0-SNAPSHOT
[INFO] --------------------------------[ jar ]---------------------------------
[INFO] 
[INFO] --- maven-resources-plugin:2.6:resources (default-resources) @ CSCI_466_Project ---
[WARNING] Using platform encoding (UTF-8 actually) to copy filtered resources, i.e. build is platform dependent!
[INFO] Copying 5 resources
[INFO] 
[INFO] --- maven-compiler-plugin:3.1:compile (default-compile) @ CSCI_466_Project ---
[INFO] Changes detected - recompiling the module!
[WARNING] File encoding has not been set, using platform encoding UTF-8, i.e. build is platform dependent!
[INFO] Compiling 48 source files to /home/carson/Projects/msu/csci-466-spring2021/grading/scripts/repos/walker_ward/target/classes
[WARNING] /home/carson/Projects/msu/csci-466-spring2021/grading/scripts/repos/walker_ward/src/main/java/edu/montana/csci/csci468/bytecode/MethodGenerator.java: /home/carson/Projects/msu/csci-466-spring2021/grading/scripts/repos/walker_ward/src/main/java/edu/montana/csci/csci468/bytecode/MethodGenerator.java uses or overrides a deprecated API.
[WARNING] /home/carson/Projects/msu/csci-466-spring2021/grading/scripts/repos/walker_ward/src/main/java/edu/montana/csci/csci468/bytecode/MethodGenerator.java: Recompile with -Xlint:deprecation for details.
[WARNING] /home/carson/Projects/msu/csci-466-spring2021/grading/scripts/repos/walker_ward/src/main/java/edu/montana/csci/csci468/tokenizer/TokenList.java: Some input files use unchecked or unsafe operations.
[WARNING] /home/carson/Projects/msu/csci-466-spring2021/grading/scripts/repos/walker_ward/src/main/java/edu/montana/csci/csci468/tokenizer/TokenList.java: Recompile with -Xlint:unchecked for details.
[INFO] 
[INFO] --- maven-resources-plugin:2.6:testResources (default-testResources) @ CSCI_466_Project ---
[WARNING] Using platform encoding (UTF-8 actually) to copy filtered resources, i.e. build is platform dependent!
[INFO] skip non existing resourceDirectory /home/carson/Projects/msu/csci-466-spring2021/grading/scripts/repos/walker_ward/src/test/resources
[INFO] 
[INFO] --- maven-compiler-plugin:3.1:testCompile (default-testCompile) @ CSCI_466_Project ---
[INFO] Changes detected - recompiling the module!
[WARNING] File encoding has not been set, using platform encoding UTF-8, i.e. build is platform dependent!
[INFO] Compiling 27 source files to /home/carson/Projects/msu/csci-466-spring2021/grading/scripts/repos/walker_ward/target/test-classes
[WARNING] /home/carson/Projects/msu/csci-466-spring2021/grading/scripts/repos/walker_ward/src/test/java/edu/montana/csci/csci468/CatscriptTestBase.java: Some input files use unchecked or unsafe operations.
[WARNING] /home/carson/Projects/msu/csci-466-spring2021/grading/scripts/repos/walker_ward/src/test/java/edu/montana/csci/csci468/CatscriptTestBase.java: Recompile with -Xlint:unchecked for details.
[INFO] 
[INFO] --- maven-surefire-plugin:2.22.1:test (default-test) @ CSCI_466_Project ---
[INFO] 
[INFO] -------------------------------------------------------
[INFO]  T E S T S
[INFO] -------------------------------------------------------
[INFO] Running edu.montana.csci.csci468.bytecode.CatscriptStatementExecutionTest
 JVM Bytecode ===================================

// class version 49.0 (49)
// access flags 0x1
public class edu/montana/csci/csci466/bytecode/CatScriptProgram3 extends edu/montana/csci/csci468/parser/statements/CatScriptProgram {


  // access flags 0x2
  private I x

  // access flags 0x2
  private I y

  // access flags 0x1
  public <init>()V
    ALOAD 0
    INVOKESPECIAL edu/montana/csci/csci468/parser/statements/CatScriptProgram.<init> ()V
    RETURN
    MAXSTACK = 1
    MAXLOCALS = 1

  // access flags 0x1
  public execute()V
    ALOAD 0
    LDC 1
    PUTFIELD edu/montana/csci/csci466/bytecode/CatScriptProgram3.x : I
    ALOAD 0
    ALOAD 0
    GETFIELD edu/montana/csci/csci466/bytecode/CatScriptProgram3.x : I
    PUTFIELD edu/montana/csci/csci466/bytecode/CatScriptProgram3.y : I
    ALOAD 0
    ALOAD 0
    GETFIELD edu/montana/csci/csci466/bytecode/CatScriptProgram3.y : I
    INVOKEVIRTUAL java/io/PrintStream.print (I)V
    RETURN
    MAXSTACK = 2
    MAXLOCALS = 1
}


 ================================================
 JVM Bytecode ===================================

// class version 49.0 (49)
// access flags 0x1
public class edu/montana/csci/csci466/bytecode/CatScriptProgram7 extends edu/montana/csci/csci468/parser/statements/CatScriptProgram {


  // access flags 0x1
  public <init>()V
    ALOAD 0
    INVOKESPECIAL edu/montana/csci/csci468/parser/statements/CatScriptProgram.<init> ()V
    RETURN
    MAXSTACK = 1
    MAXLOCALS = 1

  // access flags 0x1
  public execute()V
    LDC 1
    IFEQ L0
    ALOAD 0
    LDC 1
    INVOKEVIRTUAL java/io/PrintStream.print (I)V
    GOTO L0
   L0
   FRAME FULL [edu/montana/csci/csci466/bytecode/CatScriptProgram7] []
    RETURN
    MAXSTACK = 2
    MAXLOCALS = 1
}


 ================================================
 JVM Bytecode ===================================

// class version 49.0 (49)
// access flags 0x1
public class edu/montana/csci/csci466/bytecode/CatScriptProgram9 extends edu/montana/csci/csci468/parser/statements/CatScriptProgram {


  // access flags 0x1
  public <init>()V
    ALOAD 0
    INVOKESPECIAL edu/montana/csci/csci468/parser/statements/CatScriptProgram.<init> ()V
    RETURN
    MAXSTACK = 1
    MAXLOCALS = 1

  // access flags 0x1
  public execute()V
    ALOAD 0
    LDC 1
    INVOKEVIRTUAL java/io/PrintStream.print (I)V
    RETURN
    MAXSTACK = 2
    MAXLOCALS = 1
}


 ================================================
[ERROR] Tests run: 9, Failures: 0, Errors: 9, Skipped: 0, Time elapsed: 0.111 s <<< FAILURE! - in edu.montana.csci.csci468.bytecode.CatscriptStatementExecutionTest
[ERROR] recursiveFunctionWorksProperly  Time elapsed: 0.057 s  <<< ERROR!
java.lang.UnsupportedOperationException: compile needs to be implemented for edu.montana.csci.csci468.parser.statements.FunctionCallStatement
	at edu.montana.csci.csci468.bytecode.CatscriptStatementExecutionTest.recursiveFunctionWorksProperly(CatscriptStatementExecutionTest.java:72)

[ERROR] localVarStatementsWorkProperly  Time elapsed: 0.006 s  <<< ERROR!
java.lang.ArrayIndexOutOfBoundsException: Index 0 out of bounds for length 0
	at edu.montana.csci.csci468.bytecode.CatscriptStatementExecutionTest.localVarStatementsWorkProperly(CatscriptStatementExecutionTest.java:40)

[ERROR] varStatementWorksProperly  Time elapsed: 0.03 s  <<< ERROR!
java.lang.VerifyError: (class: edu/montana/csci/csci466/bytecode/CatScriptProgram3, method: execute signature: ()V) Incompatible object argument for function call
	at edu.montana.csci.csci468.bytecode.CatscriptStatementExecutionTest.varStatementWorksProperly(CatscriptStatementExecutionTest.java:31)

[ERROR] functionDeclarationWorksProperly  Time elapsed: 0 s  <<< ERROR!
java.lang.UnsupportedOperationException: compile needs to be implemented for edu.montana.csci.csci468.parser.statements.FunctionCallStatement
	at edu.montana.csci.csci468.bytecode.CatscriptStatementExecutionTest.functionDeclarationWorksProperly(CatscriptStatementExecutionTest.java:63)

[ERROR] returnStatementWorks  Time elapsed: 0.001 s  <<< ERROR!
java.lang.IllegalArgumentException: 
Execution can fall off the end of the code foo(I)I


	at edu.montana.csci.csci468.bytecode.CatscriptStatementExecutionTest.returnStatementWorks(CatscriptStatementExecutionTest.java:85)
Caused by: org.objectweb.asm.tree.analysis.AnalyzerException: Execution can fall off the end of the code
	at edu.montana.csci.csci468.bytecode.CatscriptStatementExecutionTest.returnStatementWorks(CatscriptStatementExecutionTest.java:85)

[ERROR] varInsideFunctionWorksProperly  Time elapsed: 0.002 s  <<< ERROR!
java.lang.IllegalArgumentException: 
Execution can fall off the end of the code foo()I


	at edu.montana.csci.csci468.bytecode.CatscriptStatementExecutionTest.varInsideFunctionWorksProperly(CatscriptStatementExecutionTest.java:48)
Caused by: org.objectweb.asm.tree.analysis.AnalyzerException: Execution can fall off the end of the code
	at edu.montana.csci.csci468.bytecode.CatscriptStatementExecutionTest.varInsideFunctionWorksProperly(CatscriptStatementExecutionTest.java:48)

[ERROR] ifStatementWorksProperly  Time elapsed: 0.004 s  <<< ERROR!
java.lang.VerifyError: (class: edu/montana/csci/csci466/bytecode/CatScriptProgram7, method: execute signature: ()V) Incompatible object argument for function call
	at edu.montana.csci.csci468.bytecode.CatscriptStatementExecutionTest.ifStatementWorksProperly(CatscriptStatementExecutionTest.java:21)

[ERROR] forStatementWorksProperly  Time elapsed: 0 s  <<< ERROR!
java.lang.ArrayIndexOutOfBoundsException: Index 0 out of bounds for length 0
	at edu.montana.csci.csci468.bytecode.CatscriptStatementExecutionTest.forStatementWorksProperly(CatscriptStatementExecutionTest.java:58)

[ERROR] printStatementWorksProperly  Time elapsed: 0.003 s  <<< ERROR!
java.lang.VerifyError: (class: edu/montana/csci/csci466/bytecode/CatScriptProgram9, method: execute signature: ()V) Incompatible object argument for function call
	at edu.montana.csci.csci468.bytecode.CatscriptStatementExecutionTest.printStatementWorksProperly(CatscriptStatementExecutionTest.java:12)

[INFO] Running edu.montana.csci.csci468.bytecode.CatscriptBasicExpressionCompileTest
 JVM Bytecode ===================================

// class version 49.0 (49)
// access flags 0x1
public class edu/montana/csci/csci466/bytecode/CatScriptProgram10 extends edu/montana/csci/csci468/parser/statements/CatScriptProgram {


  // access flags 0x1
  public <init>()V
    ALOAD 0
    INVOKESPECIAL edu/montana/csci/csci468/parser/statements/CatScriptProgram.<init> ()V
    RETURN
    MAXSTACK = 1
    MAXLOCALS = 1

  // access flags 0x1
  public execute()V
    ALOAD 0
    LDC 1
    INVOKESTATIC java/lang/Integer.valueOf (I)Ljava/lang/Integer;
    INVOKESTATIC java/lang/String.valueOf (Ljava/lang/Object;)Ljava/lang/String;
    LDC "a"
    INVOKESTATIC java/lang/String.valueOf (Ljava/lang/Object;)Ljava/lang/String;
    INVOKEVIRTUAL java/lang/String.concat (Ljava/lang/String;)Ljava/lang/String;
    INVOKEVIRTUAL edu/montana/csci/csci468/parser/statements/CatScriptProgram.print (Ljava/lang/Object;)V
    RETURN
    MAXSTACK = 3
    MAXLOCALS = 1
}


 ================================================
 JVM Bytecode ===================================

// class version 49.0 (49)
// access flags 0x1
public class edu/montana/csci/csci466/bytecode/CatScriptProgram11 extends edu/montana/csci/csci468/parser/statements/CatScriptProgram {


  // access flags 0x1
  public <init>()V
    ALOAD 0
    INVOKESPECIAL edu/montana/csci/csci468/parser/statements/CatScriptProgram.<init> ()V
    RETURN
    MAXSTACK = 1
    MAXLOCALS = 1

  // access flags 0x1
  public execute()V
    ALOAD 0
    LDC "a"
    INVOKESTATIC java/lang/String.valueOf (Ljava/lang/Object;)Ljava/lang/String;
    LDC 1
    INVOKESTATIC java/lang/Integer.valueOf (I)Ljava/lang/Integer;
    INVOKESTATIC java/lang/String.valueOf (Ljava/lang/Object;)Ljava/lang/String;
    INVOKEVIRTUAL java/lang/String.concat (Ljava/lang/String;)Ljava/lang/String;
    INVOKEVIRTUAL edu/montana/csci/csci468/parser/statements/CatScriptProgram.print (Ljava/lang/Object;)V
    RETURN
    MAXSTACK = 3
    MAXLOCALS = 1
}


 ================================================
 JVM Bytecode ===================================

// class version 49.0 (49)
// access flags 0x1
public class edu/montana/csci/csci466/bytecode/CatScriptProgram12 extends edu/montana/csci/csci468/parser/statements/CatScriptProgram {


  // access flags 0x1
  public <init>()V
    ALOAD 0
    INVOKESPECIAL edu/montana/csci/csci468/parser/statements/CatScriptProgram.<init> ()V
    RETURN
    MAXSTACK = 1
    MAXLOCALS = 1

  // access flags 0x1
  public execute()V
    ALOAD 0
    ACONST_NULL
    INVOKESTATIC java/lang/String.valueOf (Ljava/lang/Object;)Ljava/lang/String;
    LDC "a"
    INVOKESTATIC java/lang/String.valueOf (Ljava/lang/Object;)Ljava/lang/String;
    INVOKEVIRTUAL java/lang/String.concat (Ljava/lang/String;)Ljava/lang/String;
    INVOKEVIRTUAL edu/montana/csci/csci468/parser/statements/CatScriptProgram.print (Ljava/lang/Object;)V
    RETURN
    MAXSTACK = 3
    MAXLOCALS = 1
}


 ================================================
 JVM Bytecode ===================================

// class version 49.0 (49)
// access flags 0x1
public class edu/montana/csci/csci466/bytecode/CatScriptProgram13 extends edu/montana/csci/csci468/parser/statements/CatScriptProgram {


  // access flags 0x1
  public <init>()V
    ALOAD 0
    INVOKESPECIAL edu/montana/csci/csci468/parser/statements/CatScriptProgram.<init> ()V
    RETURN
    MAXSTACK = 1
    MAXLOCALS = 1

  // access flags 0x1
  public execute()V
    ALOAD 0
    LDC "a"
    INVOKESTATIC java/lang/String.valueOf (Ljava/lang/Object;)Ljava/lang/String;
    ACONST_NULL
    INVOKESTATIC java/lang/String.valueOf (Ljava/lang/Object;)Ljava/lang/String;
    INVOKEVIRTUAL java/lang/String.concat (Ljava/lang/String;)Ljava/lang/String;
    INVOKEVIRTUAL edu/montana/csci/csci468/parser/statements/CatScriptProgram.print (Ljava/lang/Object;)V
    RETURN
    MAXSTACK = 3
    MAXLOCALS = 1
}


 ================================================
 JVM Bytecode ===================================

// class version 49.0 (49)
// access flags 0x1
public class edu/montana/csci/csci466/bytecode/CatScriptProgram14 extends edu/montana/csci/csci468/parser/statements/CatScriptProgram {


  // access flags 0x1
  public <init>()V
    ALOAD 0
    INVOKESPECIAL edu/montana/csci/csci468/parser/statements/CatScriptProgram.<init> ()V
    RETURN
    MAXSTACK = 1
    MAXLOCALS = 1

  // access flags 0x1
  public execute()V
    ALOAD 0
    LDC 1
    INVOKESTATIC java/lang/Integer.valueOf (I)Ljava/lang/Integer;
    INVOKEVIRTUAL edu/montana/csci/csci468/parser/statements/CatScriptProgram.print (Ljava/lang/Object;)V
    RETURN
    MAXSTACK = 2
    MAXLOCALS = 1
}


 ================================================
 JVM Bytecode ===================================

// class version 49.0 (49)
// access flags 0x1
public class edu/montana/csci/csci466/bytecode/CatScriptProgram15 extends edu/montana/csci/csci468/parser/statements/CatScriptProgram {


  // access flags 0x1
  public <init>()V
    ALOAD 0
    INVOKESPECIAL edu/montana/csci/csci468/parser/statements/CatScriptProgram.<init> ()V
    RETURN
    MAXSTACK = 1
    MAXLOCALS = 1

  // access flags 0x1
  public execute()V
    ALOAD 0
    LDC 1
    INVOKESTATIC java/lang/Boolean.valueOf (Z)Ljava/lang/Boolean;
    INVOKEVIRTUAL edu/montana/csci/csci468/parser/statements/CatScriptProgram.print (Ljava/lang/Object;)V
    RETURN
    MAXSTACK = 2
    MAXLOCALS = 1
}


 ================================================
 JVM Bytecode ===================================

// class version 49.0 (49)
// access flags 0x1
public class edu/montana/csci/csci466/bytecode/CatScriptProgram16 extends edu/montana/csci/csci468/parser/statements/CatScriptProgram {


  // access flags 0x1
  public <init>()V
    ALOAD 0
    INVOKESPECIAL edu/montana/csci/csci468/parser/statements/CatScriptProgram.<init> ()V
    RETURN
    MAXSTACK = 1
    MAXLOCALS = 1

  // access flags 0x1
  public execute()V
    ALOAD 0
    ACONST_NULL
    INVOKEVIRTUAL edu/montana/csci/csci468/parser/statements/CatScriptProgram.print (Ljava/lang/Object;)V
    RETURN
    MAXSTACK = 2
    MAXLOCALS = 1
}


 ================================================
 JVM Bytecode ===================================

// class version 49.0 (49)
// access flags 0x1
public class edu/montana/csci/csci466/bytecode/CatScriptProgram17 extends edu/montana/csci/csci468/parser/statements/CatScriptProgram {


  // access flags 0x1
  public <init>()V
    ALOAD 0
    INVOKESPECIAL edu/montana/csci/csci468/parser/statements/CatScriptProgram.<init> ()V
    RETURN
    MAXSTACK = 1
    MAXLOCALS = 1

  // access flags 0x1
  public execute()V
    ALOAD 0
    LDC "asdf"
    INVOKEVIRTUAL edu/montana/csci/csci468/parser/statements/CatScriptProgram.print (Ljava/lang/Object;)V
    RETURN
    MAXSTACK = 2
    MAXLOCALS = 1
}


 ================================================
 JVM Bytecode ===================================

// class version 49.0 (49)
// access flags 0x1
public class edu/montana/csci/csci466/bytecode/CatScriptProgram18 extends edu/montana/csci/csci468/parser/statements/CatScriptProgram {


  // access flags 0x1
  public <init>()V
    ALOAD 0
    INVOKESPECIAL edu/montana/csci/csci468/parser/statements/CatScriptProgram.<init> ()V
    RETURN
    MAXSTACK = 1
    MAXLOCALS = 1

  // access flags 0x1
  public execute()V
    ALOAD 0
    NEW java/util/LinkedList
    DUP
    INVOKESPECIAL java/util/LinkedList.<init> ()V
    DUP
    LDC 1
    INVOKESTATIC java/lang/Integer.valueOf (I)Ljava/lang/Integer;
    INVOKEVIRTUAL java/util/LinkedList.add (Ljava/lang/Object;)Z
    POP
    DUP
    LDC 2
    INVOKESTATIC java/lang/Integer.valueOf (I)Ljava/lang/Integer;
    INVOKEVIRTUAL java/util/LinkedList.add (Ljava/lang/Object;)Z
    POP
    DUP
    LDC 3
    INVOKESTATIC java/lang/Integer.valueOf (I)Ljava/lang/Integer;
    INVOKEVIRTUAL java/util/LinkedList.add (Ljava/lang/Object;)Z
    POP
    INVOKEVIRTUAL edu/montana/csci/csci468/parser/statements/CatScriptProgram.print (Ljava/lang/Object;)V
    RETURN
    MAXSTACK = 4
    MAXLOCALS = 1
}


 ================================================
 JVM Bytecode ===================================

// class version 49.0 (49)
// access flags 0x1
public class edu/montana/csci/csci466/bytecode/CatScriptProgram19 extends edu/montana/csci/csci468/parser/statements/CatScriptProgram {


  // access flags 0x1
  public <init>()V
    ALOAD 0
    INVOKESPECIAL edu/montana/csci/csci468/parser/statements/CatScriptProgram.<init> ()V
    RETURN
    MAXSTACK = 1
    MAXLOCALS = 1

  // access flags 0x1
  public execute()V
    ALOAD 0
    LDC 1
    LDC -1
    IMUL
    INVOKESTATIC java/lang/Integer.valueOf (I)Ljava/lang/Integer;
    INVOKEVIRTUAL edu/montana/csci/csci468/parser/statements/CatScriptProgram.print (Ljava/lang/Object;)V
    RETURN
    MAXSTACK = 3
    MAXLOCALS = 1
}


 ================================================
 JVM Bytecode ===================================

// class version 49.0 (49)
// access flags 0x1
public class edu/montana/csci/csci466/bytecode/CatScriptProgram20 extends edu/montana/csci/csci468/parser/statements/CatScriptProgram {


  // access flags 0x1
  public <init>()V
    ALOAD 0
    INVOKESPECIAL edu/montana/csci/csci468/parser/statements/CatScriptProgram.<init> ()V
    RETURN
    MAXSTACK = 1
    MAXLOCALS = 1

  // access flags 0x1
  public execute()V
    ALOAD 0
    LDC 1
    LDC 1
    IFNE L0
    POP
    LDC 1
    GOTO L1
   L0
   FRAME FULL [edu/montana/csci/csci466/bytecode/CatScriptProgram20] [edu/montana/csci/csci466/bytecode/CatScriptProgram20 I]
    POP
    LDC 0
   L1
   FRAME FULL [edu/montana/csci/csci466/bytecode/CatScriptProgram20] [edu/montana/csci/csci466/bytecode/CatScriptProgram20 I]
    INVOKESTATIC java/lang/Boolean.valueOf (Z)Ljava/lang/Boolean;
    INVOKEVIRTUAL edu/montana/csci/csci468/parser/statements/CatScriptProgram.print (Ljava/lang/Object;)V
    RETURN
    MAXSTACK = 3
    MAXLOCALS = 1
}


 ================================================
 JVM Bytecode ===================================

// class version 49.0 (49)
// access flags 0x1
public class edu/montana/csci/csci466/bytecode/CatScriptProgram21 extends edu/montana/csci/csci468/parser/statements/CatScriptProgram {


  // access flags 0x1
  public <init>()V
    ALOAD 0
    INVOKESPECIAL edu/montana/csci/csci468/parser/statements/CatScriptProgram.<init> ()V
    RETURN
    MAXSTACK = 1
    MAXLOCALS = 1

  // access flags 0x1
  public execute()V
    ALOAD 0
    LDC 1
    INVOKESTATIC java/lang/Integer.valueOf (I)Ljava/lang/Integer;
    INVOKEVIRTUAL edu/montana/csci/csci468/parser/statements/CatScriptProgram.print (Ljava/lang/Object;)V
    RETURN
    MAXSTACK = 2
    MAXLOCALS = 1
}


 ================================================
 JVM Bytecode ===================================

// class version 49.0 (49)
// access flags 0x1
public class edu/montana/csci/csci466/bytecode/CatScriptProgram22 extends edu/montana/csci/csci468/parser/statements/CatScriptProgram {


  // access flags 0x1
  public <init>()V
    ALOAD 0
    INVOKESPECIAL edu/montana/csci/csci468/parser/statements/CatScriptProgram.<init> ()V
    RETURN
    MAXSTACK = 1
    MAXLOCALS = 1

  // access flags 0x1
  public execute()V
    ALOAD 0
    LDC 1
    LDC 1
    IADD
    INVOKESTATIC java/lang/Integer.valueOf (I)Ljava/lang/Integer;
    INVOKEVIRTUAL edu/montana/csci/csci468/parser/statements/CatScriptProgram.print (Ljava/lang/Object;)V
    RETURN
    MAXSTACK = 3
    MAXLOCALS = 1
}


 ================================================
 JVM Bytecode ===================================

// class version 49.0 (49)
// access flags 0x1
public class edu/montana/csci/csci466/bytecode/CatScriptProgram23 extends edu/montana/csci/csci468/parser/statements/CatScriptProgram {


  // access flags 0x1
  public <init>()V
    ALOAD 0
    INVOKESPECIAL edu/montana/csci/csci468/parser/statements/CatScriptProgram.<init> ()V
    RETURN
    MAXSTACK = 1
    MAXLOCALS = 1

  // access flags 0x1
  public execute()V
    ALOAD 0
    LDC 1
    LDC 1
    ISUB
    INVOKESTATIC java/lang/Integer.valueOf (I)Ljava/lang/Integer;
    INVOKEVIRTUAL edu/montana/csci/csci468/parser/statements/CatScriptProgram.print (Ljava/lang/Object;)V
    RETURN
    MAXSTACK = 3
    MAXLOCALS = 1
}


 ================================================
 JVM Bytecode ===================================

// class version 49.0 (49)
// access flags 0x1
public class edu/montana/csci/csci466/bytecode/CatScriptProgram24 extends edu/montana/csci/csci468/parser/statements/CatScriptProgram {


  // access flags 0x1
  public <init>()V
    ALOAD 0
    INVOKESPECIAL edu/montana/csci/csci468/parser/statements/CatScriptProgram.<init> ()V
    RETURN
    MAXSTACK = 1
    MAXLOCALS = 1

  // access flags 0x1
  public execute()V
    ALOAD 0
    LDC 1
    LDC 2
    ISUB
    LDC 1
    ISUB
    INVOKESTATIC java/lang/Integer.valueOf (I)Ljava/lang/Integer;
    INVOKEVIRTUAL edu/montana/csci/csci468/parser/statements/CatScriptProgram.print (Ljava/lang/Object;)V
    RETURN
    MAXSTACK = 3
    MAXLOCALS = 1
}


 ================================================
 JVM Bytecode ===================================

// class version 49.0 (49)
// access flags 0x1
public class edu/montana/csci/csci466/bytecode/CatScriptProgram25 extends edu/montana/csci/csci468/parser/statements/CatScriptProgram {


  // access flags 0x1
  public <init>()V
    ALOAD 0
    INVOKESPECIAL edu/montana/csci/csci468/parser/statements/CatScriptProgram.<init> ()V
    RETURN
    MAXSTACK = 1
    MAXLOCALS = 1

  // access flags 0x1
  public execute()V
    ALOAD 0
    LDC 1
    LDC 2
    IMUL
    INVOKESTATIC java/lang/Integer.valueOf (I)Ljava/lang/Integer;
    INVOKEVIRTUAL edu/montana/csci/csci468/parser/statements/CatScriptProgram.print (Ljava/lang/Object;)V
    RETURN
    MAXSTACK = 3
    MAXLOCALS = 1
}


 ================================================
 JVM Bytecode ===================================

// class version 49.0 (49)
// access flags 0x1
public class edu/montana/csci/csci466/bytecode/CatScriptProgram26 extends edu/montana/csci/csci468/parser/statements/CatScriptProgram {


  // access flags 0x1
  public <init>()V
    ALOAD 0
    INVOKESPECIAL edu/montana/csci/csci468/parser/statements/CatScriptProgram.<init> ()V
    RETURN
    MAXSTACK = 1
    MAXLOCALS = 1

  // access flags 0x1
  public execute()V
    ALOAD 0
    LDC 8
    LDC 2
    IDIV
    INVOKESTATIC java/lang/Integer.valueOf (I)Ljava/lang/Integer;
    INVOKEVIRTUAL edu/montana/csci/csci468/parser/statements/CatScriptProgram.print (Ljava/lang/Object;)V
    RETURN
    MAXSTACK = 3
    MAXLOCALS = 1
}


 ================================================
 JVM Bytecode ===================================

// class version 49.0 (49)
// access flags 0x1
public class edu/montana/csci/csci466/bytecode/CatScriptProgram27 extends edu/montana/csci/csci468/parser/statements/CatScriptProgram {


  // access flags 0x1
  public <init>()V
    ALOAD 0
    INVOKESPECIAL edu/montana/csci/csci468/parser/statements/CatScriptProgram.<init> ()V
    RETURN
    MAXSTACK = 1
    MAXLOCALS = 1

  // access flags 0x1
  public execute()V
    ALOAD 0
    LDC 2
    LDC 4
    IMUL
    LDC 2
    IDIV
    INVOKESTATIC java/lang/Integer.valueOf (I)Ljava/lang/Integer;
    INVOKEVIRTUAL edu/montana/csci/csci468/parser/statements/CatScriptProgram.print (Ljava/lang/Object;)V
    RETURN
    MAXSTACK = 3
    MAXLOCALS = 1
}


 ================================================
 JVM Bytecode ===================================

// class version 49.0 (49)
// access flags 0x1
public class edu/montana/csci/csci466/bytecode/CatScriptProgram28 extends edu/montana/csci/csci468/parser/statements/CatScriptProgram {


  // access flags 0x1
  public <init>()V
    ALOAD 0
    INVOKESPECIAL edu/montana/csci/csci468/parser/statements/CatScriptProgram.<init> ()V
    RETURN
    MAXSTACK = 1
    MAXLOCALS = 1

  // access flags 0x1
  public execute()V
    ALOAD 0
    LDC 1
    INVOKESTATIC java/lang/Integer.valueOf (I)Ljava/lang/Integer;
    LDC 1
    INVOKESTATIC java/lang/Integer.valueOf (I)Ljava/lang/Integer;
    INVOKESTATIC java/util/Objects.equals (Ljava/lang/Object;Ljava/lang/Object;)Z
    INVOKESTATIC java/lang/Boolean.valueOf (Z)Ljava/lang/Boolean;
    INVOKEVIRTUAL edu/montana/csci/csci468/parser/statements/CatScriptProgram.print (Ljava/lang/Object;)V
    RETURN
    MAXSTACK = 3
    MAXLOCALS = 1
}


 ================================================
 JVM Bytecode ===================================

// class version 49.0 (49)
// access flags 0x1
public class edu/montana/csci/csci466/bytecode/CatScriptProgram29 extends edu/montana/csci/csci468/parser/statements/CatScriptProgram {


  // access flags 0x1
  public <init>()V
    ALOAD 0
    INVOKESPECIAL edu/montana/csci/csci468/parser/statements/CatScriptProgram.<init> ()V
    RETURN
    MAXSTACK = 1
    MAXLOCALS = 1

  // access flags 0x1
  public execute()V
    ALOAD 0
    LDC 1
    INVOKESTATIC java/lang/Boolean.valueOf (Z)Ljava/lang/Boolean;
    LDC 1
    INVOKESTATIC java/lang/Boolean.valueOf (Z)Ljava/lang/Boolean;
    INVOKESTATIC java/util/Objects.equals (Ljava/lang/Object;Ljava/lang/Object;)Z
    INVOKESTATIC java/lang/Boolean.valueOf (Z)Ljava/lang/Boolean;
    INVOKEVIRTUAL edu/montana/csci/csci468/parser/statements/CatScriptProgram.print (Ljava/lang/Object;)V
    RETURN
    MAXSTACK = 3
    MAXLOCALS = 1
}


 ================================================
 JVM Bytecode ===================================

// class version 49.0 (49)
// access flags 0x1
public class edu/montana/csci/csci466/bytecode/CatScriptProgram30 extends edu/montana/csci/csci468/parser/statements/CatScriptProgram {


  // access flags 0x1
  public <init>()V
    ALOAD 0
    INVOKESPECIAL edu/montana/csci/csci468/parser/statements/CatScriptProgram.<init> ()V
    RETURN
    MAXSTACK = 1
    MAXLOCALS = 1

  // access flags 0x1
  public execute()V
    ALOAD 0
    ACONST_NULL
    ACONST_NULL
    INVOKESTATIC java/util/Objects.equals (Ljava/lang/Object;Ljava/lang/Object;)Z
    INVOKESTATIC java/lang/Boolean.valueOf (Z)Ljava/lang/Boolean;
    INVOKEVIRTUAL edu/montana/csci/csci468/parser/statements/CatScriptProgram.print (Ljava/lang/Object;)V
    RETURN
    MAXSTACK = 3
    MAXLOCALS = 1
}


 ================================================
 JVM Bytecode ===================================

// class version 49.0 (49)
// access flags 0x1
public class edu/montana/csci/csci466/bytecode/CatScriptProgram31 extends edu/montana/csci/csci468/parser/statements/CatScriptProgram {


  // access flags 0x1
  public <init>()V
    ALOAD 0
    INVOKESPECIAL edu/montana/csci/csci468/parser/statements/CatScriptProgram.<init> ()V
    RETURN
    MAXSTACK = 1
    MAXLOCALS = 1

  // access flags 0x1
  public execute()V
    ALOAD 0
    LDC 1
    INVOKESTATIC java/lang/Boolean.valueOf (Z)Ljava/lang/Boolean;
    ACONST_NULL
    INVOKESTATIC java/util/Objects.equals (Ljava/lang/Object;Ljava/lang/Object;)Z
    IFNE L0
    LDC 1
    GOTO L1
   L0
   FRAME FULL [edu/montana/csci/csci466/bytecode/CatScriptProgram31] [edu/montana/csci/csci466/bytecode/CatScriptProgram31]
    LDC 0
   L1
   FRAME FULL [edu/montana/csci/csci466/bytecode/CatScriptProgram31] [edu/montana/csci/csci466/bytecode/CatScriptProgram31 I]
    INVOKESTATIC java/lang/Boolean.valueOf (Z)Ljava/lang/Boolean;
    INVOKEVIRTUAL edu/montana/csci/csci468/parser/statements/CatScriptProgram.print (Ljava/lang/Object;)V
    RETURN
    MAXSTACK = 3
    MAXLOCALS = 1
}


 ================================================
 JVM Bytecode ===================================

// class version 49.0 (49)
// access flags 0x1
public class edu/montana/csci/csci466/bytecode/CatScriptProgram32 extends edu/montana/csci/csci468/parser/statements/CatScriptProgram {


  // access flags 0x1
  public <init>()V
    ALOAD 0
    INVOKESPECIAL edu/montana/csci/csci468/parser/statements/CatScriptProgram.<init> ()V
    RETURN
    MAXSTACK = 1
    MAXLOCALS = 1

  // access flags 0x1
  public execute()V
    ALOAD 0
    LDC 1
    INVOKESTATIC java/lang/Boolean.valueOf (Z)Ljava/lang/Boolean;
    LDC 1
    INVOKESTATIC java/lang/Integer.valueOf (I)Ljava/lang/Integer;
    INVOKESTATIC java/util/Objects.equals (Ljava/lang/Object;Ljava/lang/Object;)Z
    IFNE L0
    LDC 1
    GOTO L1
   L0
   FRAME FULL [edu/montana/csci/csci466/bytecode/CatScriptProgram32] [edu/montana/csci/csci466/bytecode/CatScriptProgram32]
    LDC 0
   L1
   FRAME FULL [edu/montana/csci/csci466/bytecode/CatScriptProgram32] [edu/montana/csci/csci466/bytecode/CatScriptProgram32 I]
    INVOKESTATIC java/lang/Boolean.valueOf (Z)Ljava/lang/Boolean;
    INVOKEVIRTUAL edu/montana/csci/csci468/parser/statements/CatScriptProgram.print (Ljava/lang/Object;)V
    RETURN
    MAXSTACK = 3
    MAXLOCALS = 1
}


 ================================================
 JVM Bytecode ===================================

// class version 49.0 (49)
// access flags 0x1
public class edu/montana/csci/csci466/bytecode/CatScriptProgram33 extends edu/montana/csci/csci468/parser/statements/CatScriptProgram {


  // access flags 0x1
  public <init>()V
    ALOAD 0
    INVOKESPECIAL edu/montana/csci/csci468/parser/statements/CatScriptProgram.<init> ()V
    RETURN
    MAXSTACK = 1
    MAXLOCALS = 1

  // access flags 0x1
  public execute()V
    ALOAD 0
    LDC 1
    LDC 2
    IF_ICMPGT L0
    LDC 0
    GOTO L1
   L0
   FRAME FULL [edu/montana/csci/csci466/bytecode/CatScriptProgram33] [edu/montana/csci/csci466/bytecode/CatScriptProgram33]
    LDC 1
   L1
   FRAME FULL [edu/montana/csci/csci466/bytecode/CatScriptProgram33] [edu/montana/csci/csci466/bytecode/CatScriptProgram33 I]
    INVOKESTATIC java/lang/Boolean.valueOf (Z)Ljava/lang/Boolean;
    INVOKEVIRTUAL edu/montana/csci/csci468/parser/statements/CatScriptProgram.print (Ljava/lang/Object;)V
    RETURN
    MAXSTACK = 3
    MAXLOCALS = 1
}


 ================================================
 JVM Bytecode ===================================

// class version 49.0 (49)
// access flags 0x1
public class edu/montana/csci/csci466/bytecode/CatScriptProgram34 extends edu/montana/csci/csci468/parser/statements/CatScriptProgram {


  // access flags 0x1
  public <init>()V
    ALOAD 0
    INVOKESPECIAL edu/montana/csci/csci468/parser/statements/CatScriptProgram.<init> ()V
    RETURN
    MAXSTACK = 1
    MAXLOCALS = 1

  // access flags 0x1
  public execute()V
    ALOAD 0
    LDC 1
    LDC 2
    IF_ICMPGE L0
    LDC 0
    GOTO L1
   L0
   FRAME FULL [edu/montana/csci/csci466/bytecode/CatScriptProgram34] [edu/montana/csci/csci466/bytecode/CatScriptProgram34]
    LDC 1
   L1
   FRAME FULL [edu/montana/csci/csci466/bytecode/CatScriptProgram34] [edu/montana/csci/csci466/bytecode/CatScriptProgram34 I]
    INVOKESTATIC java/lang/Boolean.valueOf (Z)Ljava/lang/Boolean;
    INVOKEVIRTUAL edu/montana/csci/csci468/parser/statements/CatScriptProgram.print (Ljava/lang/Object;)V
    RETURN
    MAXSTACK = 3
    MAXLOCALS = 1
}


 ================================================
 JVM Bytecode ===================================

// class version 49.0 (49)
// access flags 0x1
public class edu/montana/csci/csci466/bytecode/CatScriptProgram35 extends edu/montana/csci/csci468/parser/statements/CatScriptProgram {


  // access flags 0x1
  public <init>()V
    ALOAD 0
    INVOKESPECIAL edu/montana/csci/csci468/parser/statements/CatScriptProgram.<init> ()V
    RETURN
    MAXSTACK = 1
    MAXLOCALS = 1

  // access flags 0x1
  public execute()V
    ALOAD 0
    LDC 1
    LDC 2
    IF_ICMPLE L0
    LDC 0
    GOTO L1
   L0
   FRAME FULL [edu/montana/csci/csci466/bytecode/CatScriptProgram35] [edu/montana/csci/csci466/bytecode/CatScriptProgram35]
    LDC 1
   L1
   FRAME FULL [edu/montana/csci/csci466/bytecode/CatScriptProgram35] [edu/montana/csci/csci466/bytecode/CatScriptProgram35 I]
    INVOKESTATIC java/lang/Boolean.valueOf (Z)Ljava/lang/Boolean;
    INVOKEVIRTUAL edu/montana/csci/csci468/parser/statements/CatScriptProgram.print (Ljava/lang/Object;)V
    RETURN
    MAXSTACK = 3
    MAXLOCALS = 1
}


 ================================================
 JVM Bytecode ===================================

// class version 49.0 (49)
// access flags 0x1
public class edu/montana/csci/csci466/bytecode/CatScriptProgram36 extends edu/montana/csci/csci468/parser/statements/CatScriptProgram {


  // access flags 0x1
  public <init>()V
    ALOAD 0
    INVOKESPECIAL edu/montana/csci/csci468/parser/statements/CatScriptProgram.<init> ()V
    RETURN
    MAXSTACK = 1
    MAXLOCALS = 1

  // access flags 0x1
  public execute()V
    ALOAD 0
    LDC 1
    LDC 2
    IF_ICMPLT L0
    LDC 0
    GOTO L1
   L0
   FRAME FULL [edu/montana/csci/csci466/bytecode/CatScriptProgram36] [edu/montana/csci/csci466/bytecode/CatScriptProgram36]
    LDC 1
   L1
   FRAME FULL [edu/montana/csci/csci466/bytecode/CatScriptProgram36] [edu/montana/csci/csci466/bytecode/CatScriptProgram36 I]
    INVOKESTATIC java/lang/Boolean.valueOf (Z)Ljava/lang/Boolean;
    INVOKEVIRTUAL edu/montana/csci/csci468/parser/statements/CatScriptProgram.print (Ljava/lang/Object;)V
    RETURN
    MAXSTACK = 3
    MAXLOCALS = 1
}


 ================================================
 JVM Bytecode ===================================

// class version 49.0 (49)
// access flags 0x1
public class edu/montana/csci/csci466/bytecode/CatScriptProgram37 extends edu/montana/csci/csci468/parser/statements/CatScriptProgram {


  // access flags 0x1
  public <init>()V
    ALOAD 0
    INVOKESPECIAL edu/montana/csci/csci468/parser/statements/CatScriptProgram.<init> ()V
    RETURN
    MAXSTACK = 1
    MAXLOCALS = 1

  // access flags 0x1
  public execute()V
    ALOAD 0
    LDC 2
    LDC 1
    IF_ICMPGT L0
    LDC 0
    GOTO L1
   L0
   FRAME FULL [edu/montana/csci/csci466/bytecode/CatScriptProgram37] [edu/montana/csci/csci466/bytecode/CatScriptProgram37]
    LDC 1
   L1
   FRAME FULL [edu/montana/csci/csci466/bytecode/CatScriptProgram37] [edu/montana/csci/csci466/bytecode/CatScriptProgram37 I]
    INVOKESTATIC java/lang/Boolean.valueOf (Z)Ljava/lang/Boolean;
    INVOKEVIRTUAL edu/montana/csci/csci468/parser/statements/CatScriptProgram.print (Ljava/lang/Object;)V
    RETURN
    MAXSTACK = 3
    MAXLOCALS = 1
}


 ================================================
 JVM Bytecode ===================================

// class version 49.0 (49)
// access flags 0x1
public class edu/montana/csci/csci466/bytecode/CatScriptProgram38 extends edu/montana/csci/csci468/parser/statements/CatScriptProgram {


  // access flags 0x1
  public <init>()V
    ALOAD 0
    INVOKESPECIAL edu/montana/csci/csci468/parser/statements/CatScriptProgram.<init> ()V
    RETURN
    MAXSTACK = 1
    MAXLOCALS = 1

  // access flags 0x1
  public execute()V
    ALOAD 0
    LDC 2
    LDC 1
    IF_ICMPGE L0
    LDC 0
    GOTO L1
   L0
   FRAME FULL [edu/montana/csci/csci466/bytecode/CatScriptProgram38] [edu/montana/csci/csci466/bytecode/CatScriptProgram38]
    LDC 1
   L1
   FRAME FULL [edu/montana/csci/csci466/bytecode/CatScriptProgram38] [edu/montana/csci/csci466/bytecode/CatScriptProgram38 I]
    INVOKESTATIC java/lang/Boolean.valueOf (Z)Ljava/lang/Boolean;
    INVOKEVIRTUAL edu/montana/csci/csci468/parser/statements/CatScriptProgram.print (Ljava/lang/Object;)V
    RETURN
    MAXSTACK = 3
    MAXLOCALS = 1
}


 ================================================
 JVM Bytecode ===================================

// class version 49.0 (49)
// access flags 0x1
public class edu/montana/csci/csci466/bytecode/CatScriptProgram39 extends edu/montana/csci/csci468/parser/statements/CatScriptProgram {


  // access flags 0x1
  public <init>()V
    ALOAD 0
    INVOKESPECIAL edu/montana/csci/csci468/parser/statements/CatScriptProgram.<init> ()V
    RETURN
    MAXSTACK = 1
    MAXLOCALS = 1

  // access flags 0x1
  public execute()V
    ALOAD 0
    LDC 2
    LDC 1
    IF_ICMPLE L0
    LDC 0
    GOTO L1
   L0
   FRAME FULL [edu/montana/csci/csci466/bytecode/CatScriptProgram39] [edu/montana/csci/csci466/bytecode/CatScriptProgram39]
    LDC 1
   L1
   FRAME FULL [edu/montana/csci/csci466/bytecode/CatScriptProgram39] [edu/montana/csci/csci466/bytecode/CatScriptProgram39 I]
    INVOKESTATIC java/lang/Boolean.valueOf (Z)Ljava/lang/Boolean;
    INVOKEVIRTUAL edu/montana/csci/csci468/parser/statements/CatScriptProgram.print (Ljava/lang/Object;)V
    RETURN
    MAXSTACK = 3
    MAXLOCALS = 1
}


 ================================================
 JVM Bytecode ===================================

// class version 49.0 (49)
// access flags 0x1
public class edu/montana/csci/csci466/bytecode/CatScriptProgram40 extends edu/montana/csci/csci468/parser/statements/CatScriptProgram {


  // access flags 0x1
  public <init>()V
    ALOAD 0
    INVOKESPECIAL edu/montana/csci/csci468/parser/statements/CatScriptProgram.<init> ()V
    RETURN
    MAXSTACK = 1
    MAXLOCALS = 1

  // access flags 0x1
  public execute()V
    ALOAD 0
    LDC 2
    LDC 1
    IF_ICMPLT L0
    LDC 0
    GOTO L1
   L0
   FRAME FULL [edu/montana/csci/csci466/bytecode/CatScriptProgram40] [edu/montana/csci/csci466/bytecode/CatScriptProgram40]
    LDC 1
   L1
   FRAME FULL [edu/montana/csci/csci466/bytecode/CatScriptProgram40] [edu/montana/csci/csci466/bytecode/CatScriptProgram40 I]
    INVOKESTATIC java/lang/Boolean.valueOf (Z)Ljava/lang/Boolean;
    INVOKEVIRTUAL edu/montana/csci/csci468/parser/statements/CatScriptProgram.print (Ljava/lang/Object;)V
    RETURN
    MAXSTACK = 3
    MAXLOCALS = 1
}


 ================================================
 JVM Bytecode ===================================

// class version 49.0 (49)
// access flags 0x1
public class edu/montana/csci/csci466/bytecode/CatScriptProgram41 extends edu/montana/csci/csci468/parser/statements/CatScriptProgram {


  // access flags 0x1
  public <init>()V
    ALOAD 0
    INVOKESPECIAL edu/montana/csci/csci468/parser/statements/CatScriptProgram.<init> ()V
    RETURN
    MAXSTACK = 1
    MAXLOCALS = 1

  // access flags 0x1
  public execute()V
    ALOAD 0
    LDC 1
    LDC 1
    IF_ICMPGT L0
    LDC 0
    GOTO L1
   L0
   FRAME FULL [edu/montana/csci/csci466/bytecode/CatScriptProgram41] [edu/montana/csci/csci466/bytecode/CatScriptProgram41]
    LDC 1
   L1
   FRAME FULL [edu/montana/csci/csci466/bytecode/CatScriptProgram41] [edu/montana/csci/csci466/bytecode/CatScriptProgram41 I]
    INVOKESTATIC java/lang/Boolean.valueOf (Z)Ljava/lang/Boolean;
    INVOKEVIRTUAL edu/montana/csci/csci468/parser/statements/CatScriptProgram.print (Ljava/lang/Object;)V
    RETURN
    MAXSTACK = 3
    MAXLOCALS = 1
}


 ================================================
 JVM Bytecode ===================================

// class version 49.0 (49)
// access flags 0x1
public class edu/montana/csci/csci466/bytecode/CatScriptProgram42 extends edu/montana/csci/csci468/parser/statements/CatScriptProgram {


  // access flags 0x1
  public <init>()V
    ALOAD 0
    INVOKESPECIAL edu/montana/csci/csci468/parser/statements/CatScriptProgram.<init> ()V
    RETURN
    MAXSTACK = 1
    MAXLOCALS = 1

  // access flags 0x1
  public execute()V
    ALOAD 0
    LDC 1
    LDC 1
    IF_ICMPGE L0
    LDC 0
    GOTO L1
   L0
   FRAME FULL [edu/montana/csci/csci466/bytecode/CatScriptProgram42] [edu/montana/csci/csci466/bytecode/CatScriptProgram42]
    LDC 1
   L1
   FRAME FULL [edu/montana/csci/csci466/bytecode/CatScriptProgram42] [edu/montana/csci/csci466/bytecode/CatScriptProgram42 I]
    INVOKESTATIC java/lang/Boolean.valueOf (Z)Ljava/lang/Boolean;
    INVOKEVIRTUAL edu/montana/csci/csci468/parser/statements/CatScriptProgram.print (Ljava/lang/Object;)V
    RETURN
    MAXSTACK = 3
    MAXLOCALS = 1
}


 ================================================
 JVM Bytecode ===================================

// class version 49.0 (49)
// access flags 0x1
public class edu/montana/csci/csci466/bytecode/CatScriptProgram43 extends edu/montana/csci/csci468/parser/statements/CatScriptProgram {


  // access flags 0x1
  public <init>()V
    ALOAD 0
    INVOKESPECIAL edu/montana/csci/csci468/parser/statements/CatScriptProgram.<init> ()V
    RETURN
    MAXSTACK = 1
    MAXLOCALS = 1

  // access flags 0x1
  public execute()V
    ALOAD 0
    LDC 1
    LDC 1
    IF_ICMPLE L0
    LDC 0
    GOTO L1
   L0
   FRAME FULL [edu/montana/csci/csci466/bytecode/CatScriptProgram43] [edu/montana/csci/csci466/bytecode/CatScriptProgram43]
    LDC 1
   L1
   FRAME FULL [edu/montana/csci/csci466/bytecode/CatScriptProgram43] [edu/montana/csci/csci466/bytecode/CatScriptProgram43 I]
    INVOKESTATIC java/lang/Boolean.valueOf (Z)Ljava/lang/Boolean;
    INVOKEVIRTUAL edu/montana/csci/csci468/parser/statements/CatScriptProgram.print (Ljava/lang/Object;)V
    RETURN
    MAXSTACK = 3
    MAXLOCALS = 1
}


 ================================================
 JVM Bytecode ===================================

// class version 49.0 (49)
// access flags 0x1
public class edu/montana/csci/csci466/bytecode/CatScriptProgram44 extends edu/montana/csci/csci468/parser/statements/CatScriptProgram {


  // access flags 0x1
  public <init>()V
    ALOAD 0
    INVOKESPECIAL edu/montana/csci/csci468/parser/statements/CatScriptProgram.<init> ()V
    RETURN
    MAXSTACK = 1
    MAXLOCALS = 1

  // access flags 0x1
  public execute()V
    ALOAD 0
    LDC 2
    LDC 1
    IF_ICMPLT L0
    LDC 0
    GOTO L1
   L0
   FRAME FULL [edu/montana/csci/csci466/bytecode/CatScriptProgram44] [edu/montana/csci/csci466/bytecode/CatScriptProgram44]
    LDC 1
   L1
   FRAME FULL [edu/montana/csci/csci466/bytecode/CatScriptProgram44] [edu/montana/csci/csci466/bytecode/CatScriptProgram44 I]
    INVOKESTATIC java/lang/Boolean.valueOf (Z)Ljava/lang/Boolean;
    INVOKEVIRTUAL edu/montana/csci/csci468/parser/statements/CatScriptProgram.print (Ljava/lang/Object;)V
    RETURN
    MAXSTACK = 3
    MAXLOCALS = 1
}


 ================================================
[INFO] Tests run: 8, Failures: 0, Errors: 0, Skipped: 0, Time elapsed: 0.101 s - in edu.montana.csci.csci468.bytecode.CatscriptBasicExpressionCompileTest
[INFO] Running edu.montana.csci.csci468.bytecode.CatscriptFunctionArgsAndReturnCompileTest
[ERROR] Tests run: 15, Failures: 0, Errors: 15, Skipped: 0, Time elapsed: 0.002 s <<< FAILURE! - in edu.montana.csci.csci468.bytecode.CatscriptFunctionArgsAndReturnCompileTest
[ERROR] listTypeWithComponentTypeArgWorksProperly  Time elapsed: 0 s  <<< ERROR!
java.lang.UnsupportedOperationException: compile needs to be implemented for edu.montana.csci.csci468.parser.statements.FunctionCallStatement
	at edu.montana.csci.csci468.bytecode.CatscriptFunctionArgsAndReturnCompileTest.listTypeWithComponentTypeArgWorksProperly(CatscriptFunctionArgsAndReturnCompileTest.java:56)

[ERROR] stringTypeArgWorksProperly  Time elapsed: 0 s  <<< ERROR!
java.lang.UnsupportedOperationException: compile needs to be implemented for edu.montana.csci.csci468.parser.statements.FunctionCallStatement
	at edu.montana.csci.csci468.bytecode.CatscriptFunctionArgsAndReturnCompileTest.stringTypeArgWorksProperly(CatscriptFunctionArgsAndReturnCompileTest.java:44)

[ERROR] noTypeArgWorksProperly  Time elapsed: 0 s  <<< ERROR!
java.lang.UnsupportedOperationException: compile needs to be implemented for edu.montana.csci.csci468.parser.statements.FunctionCallStatement
	at edu.montana.csci.csci468.bytecode.CatscriptFunctionArgsAndReturnCompileTest.noTypeArgWorksProperly(CatscriptFunctionArgsAndReturnCompileTest.java:20)

[ERROR] mutliArgumentFunctionsWork  Time elapsed: 0 s  <<< ERROR!
java.lang.UnsupportedOperationException: compile needs to be implemented for edu.montana.csci.csci468.parser.statements.FunctionCallStatement
	at edu.montana.csci.csci468.bytecode.CatscriptFunctionArgsAndReturnCompileTest.mutliArgumentFunctionsWork(CatscriptFunctionArgsAndReturnCompileTest.java:62)

[ERROR] returnBoolWorksProperly  Time elapsed: 0 s  <<< ERROR!
java.lang.IllegalArgumentException: 
Execution can fall off the end of the code foo()I


	at edu.montana.csci.csci468.bytecode.CatscriptFunctionArgsAndReturnCompileTest.returnBoolWorksProperly(CatscriptFunctionArgsAndReturnCompileTest.java:88)
Caused by: org.objectweb.asm.tree.analysis.AnalyzerException: Execution can fall off the end of the code
	at edu.montana.csci.csci468.bytecode.CatscriptFunctionArgsAndReturnCompileTest.returnBoolWorksProperly(CatscriptFunctionArgsAndReturnCompileTest.java:88)

[ERROR] returnListWithComponentTypeWorksProperlyWithMultipleReturnOptions  Time elapsed: 0 s  <<< ERROR!
java.lang.IllegalArgumentException: 
Execution can fall off the end of the code foo()Ljava/util/List;


	at edu.montana.csci.csci468.bytecode.CatscriptFunctionArgsAndReturnCompileTest.returnListWithComponentTypeWorksProperlyWithMultipleReturnOptions(CatscriptFunctionArgsAndReturnCompileTest.java:107)
Caused by: org.objectweb.asm.tree.analysis.AnalyzerException: Execution can fall off the end of the code
	at edu.montana.csci.csci468.bytecode.CatscriptFunctionArgsAndReturnCompileTest.returnListWithComponentTypeWorksProperlyWithMultipleReturnOptions(CatscriptFunctionArgsAndReturnCompileTest.java:107)

[ERROR] returnObjectWorksProperly  Time elapsed: 0 s  <<< ERROR!
java.lang.IllegalArgumentException: 
Execution can fall off the end of the code foo()Ljava/lang/Object;


	at edu.montana.csci.csci468.bytecode.CatscriptFunctionArgsAndReturnCompileTest.returnObjectWorksProperly(CatscriptFunctionArgsAndReturnCompileTest.java:72)
Caused by: org.objectweb.asm.tree.analysis.AnalyzerException: Execution can fall off the end of the code
	at edu.montana.csci.csci468.bytecode.CatscriptFunctionArgsAndReturnCompileTest.returnObjectWorksProperly(CatscriptFunctionArgsAndReturnCompileTest.java:72)

[ERROR] returnListWithComponentTypeWorksProperly  Time elapsed: 0 s  <<< ERROR!
java.lang.IllegalArgumentException: 
Execution can fall off the end of the code foo()Ljava/util/List;


	at edu.montana.csci.csci468.bytecode.CatscriptFunctionArgsAndReturnCompileTest.returnListWithComponentTypeWorksProperly(CatscriptFunctionArgsAndReturnCompileTest.java:101)
Caused by: org.objectweb.asm.tree.analysis.AnalyzerException: Execution can fall off the end of the code
	at edu.montana.csci.csci468.bytecode.CatscriptFunctionArgsAndReturnCompileTest.returnListWithComponentTypeWorksProperly(CatscriptFunctionArgsAndReturnCompileTest.java:101)

[ERROR] returnListWorksProperly  Time elapsed: 0 s  <<< ERROR!
java.lang.IllegalArgumentException: 
Execution can fall off the end of the code foo()Ljava/util/List;


	at edu.montana.csci.csci468.bytecode.CatscriptFunctionArgsAndReturnCompileTest.returnListWorksProperly(CatscriptFunctionArgsAndReturnCompileTest.java:94)
Caused by: org.objectweb.asm.tree.analysis.AnalyzerException: Execution can fall off the end of the code
	at edu.montana.csci.csci468.bytecode.CatscriptFunctionArgsAndReturnCompileTest.returnListWorksProperly(CatscriptFunctionArgsAndReturnCompileTest.java:94)

[ERROR] objectTypeArgWorksProperly  Time elapsed: 0 s  <<< ERROR!
java.lang.UnsupportedOperationException: compile needs to be implemented for edu.montana.csci.csci468.parser.statements.FunctionCallStatement
	at edu.montana.csci.csci468.bytecode.CatscriptFunctionArgsAndReturnCompileTest.objectTypeArgWorksProperly(CatscriptFunctionArgsAndReturnCompileTest.java:26)

[ERROR] voidFunctionWorksProperly  Time elapsed: 0 s  <<< ERROR!
java.lang.UnsupportedOperationException: compile needs to be implemented for edu.montana.csci.csci468.parser.statements.FunctionCallStatement
	at edu.montana.csci.csci468.bytecode.CatscriptFunctionArgsAndReturnCompileTest.voidFunctionWorksProperly(CatscriptFunctionArgsAndReturnCompileTest.java:12)

[ERROR] listTypeArgWorksProperly  Time elapsed: 0 s  <<< ERROR!
java.lang.UnsupportedOperationException: compile needs to be implemented for edu.montana.csci.csci468.parser.statements.FunctionCallStatement
	at edu.montana.csci.csci468.bytecode.CatscriptFunctionArgsAndReturnCompileTest.listTypeArgWorksProperly(CatscriptFunctionArgsAndReturnCompileTest.java:50)

[ERROR] intTypeArgWorksProperly  Time elapsed: 0 s  <<< ERROR!
java.lang.UnsupportedOperationException: compile needs to be implemented for edu.montana.csci.csci468.parser.statements.FunctionCallStatement
	at edu.montana.csci.csci468.bytecode.CatscriptFunctionArgsAndReturnCompileTest.intTypeArgWorksProperly(CatscriptFunctionArgsAndReturnCompileTest.java:32)

[ERROR] booleanTypeArgWorksProperly  Time elapsed: 0 s  <<< ERROR!
java.lang.UnsupportedOperationException: compile needs to be implemented for edu.montana.csci.csci468.parser.statements.FunctionCallStatement
	at edu.montana.csci.csci468.bytecode.CatscriptFunctionArgsAndReturnCompileTest.booleanTypeArgWorksProperly(CatscriptFunctionArgsAndReturnCompileTest.java:38)

[ERROR] returnIntWorksProperly  Time elapsed: 0.001 s  <<< ERROR!
java.lang.IllegalArgumentException: 
Execution can fall off the end of the code foo()I


	at edu.montana.csci.csci468.bytecode.CatscriptFunctionArgsAndReturnCompileTest.returnIntWorksProperly(CatscriptFunctionArgsAndReturnCompileTest.java:82)
Caused by: org.objectweb.asm.tree.analysis.AnalyzerException: Execution can fall off the end of the code
	at edu.montana.csci.csci468.bytecode.CatscriptFunctionArgsAndReturnCompileTest.returnIntWorksProperly(CatscriptFunctionArgsAndReturnCompileTest.java:82)

[INFO] 
[INFO] Results:
[INFO] 
[ERROR] Errors: 
[ERROR]   CatscriptFunctionArgsAndReturnCompileTest.booleanTypeArgWorksProperly:38->CatscriptTestBase.compile:121 » UnsupportedOperation
[ERROR]   CatscriptFunctionArgsAndReturnCompileTest.intTypeArgWorksProperly:32->CatscriptTestBase.compile:121 » UnsupportedOperation
[ERROR]   CatscriptFunctionArgsAndReturnCompileTest.listTypeArgWorksProperly:50->CatscriptTestBase.compile:121 » UnsupportedOperation
[ERROR]   CatscriptFunctionArgsAndReturnCompileTest.listTypeWithComponentTypeArgWorksProperly:56->CatscriptTestBase.compile:121 » UnsupportedOperation
[ERROR]   CatscriptFunctionArgsAndReturnCompileTest.mutliArgumentFunctionsWork:62->CatscriptTestBase.compile:121 » UnsupportedOperation
[ERROR]   CatscriptFunctionArgsAndReturnCompileTest.noTypeArgWorksProperly:20->CatscriptTestBase.compile:121 » UnsupportedOperation
[ERROR]   CatscriptFunctionArgsAndReturnCompileTest.objectTypeArgWorksProperly:26->CatscriptTestBase.compile:121 » UnsupportedOperation
[ERROR]   CatscriptFunctionArgsAndReturnCompileTest.returnBoolWorksProperly:88->CatscriptTestBase.compile:121 » IllegalArgument
[ERROR]   CatscriptFunctionArgsAndReturnCompileTest.returnIntWorksProperly:82->CatscriptTestBase.compile:121 » IllegalArgument
[ERROR]   CatscriptFunctionArgsAndReturnCompileTest.returnListWithComponentTypeWorksProperly:101->CatscriptTestBase.compile:121 » IllegalArgument
[ERROR]   CatscriptFunctionArgsAndReturnCompileTest.returnListWithComponentTypeWorksProperlyWithMultipleReturnOptions:107->CatscriptTestBase.compile:121 » IllegalArgument
[ERROR]   CatscriptFunctionArgsAndReturnCompileTest.returnListWorksProperly:94->CatscriptTestBase.compile:121 » IllegalArgument
[ERROR]   CatscriptFunctionArgsAndReturnCompileTest.returnObjectWorksProperly:72->CatscriptTestBase.compile:121 » IllegalArgument
[ERROR]   CatscriptFunctionArgsAndReturnCompileTest.stringTypeArgWorksProperly:44->CatscriptTestBase.compile:121 » UnsupportedOperation
[ERROR]   CatscriptFunctionArgsAndReturnCompileTest.voidFunctionWorksProperly:12->CatscriptTestBase.compile:121 » UnsupportedOperation
[ERROR]   CatscriptStatementExecutionTest.forStatementWorksProperly:58->CatscriptTestBase.compile:121 » ArrayIndexOutOfBounds
[ERROR]   CatscriptStatementExecutionTest.functionDeclarationWorksProperly:63->CatscriptTestBase.compile:121 » UnsupportedOperation
[ERROR]   CatscriptStatementExecutionTest.ifStatementWorksProperly:21->CatscriptTestBase.compile:121 » Verify
[ERROR]   CatscriptStatementExecutionTest.localVarStatementsWorkProperly:40->CatscriptTestBase.compile:121 » ArrayIndexOutOfBounds
[ERROR]   CatscriptStatementExecutionTest.printStatementWorksProperly:12->CatscriptTestBase.compile:121 » Verify
[ERROR]   CatscriptStatementExecutionTest.recursiveFunctionWorksProperly:72->CatscriptTestBase.compile:121 » UnsupportedOperation
[ERROR]   CatscriptStatementExecutionTest.returnStatementWorks:85->CatscriptTestBase.compile:121 » IllegalArgument
[ERROR]   CatscriptStatementExecutionTest.varInsideFunctionWorksProperly:48->CatscriptTestBase.compile:121 » IllegalArgument
[ERROR]   CatscriptStatementExecutionTest.varStatementWorksProperly:31->CatscriptTestBase.compile:121 » Verify
[INFO] 
[ERROR] Tests run: 32, Failures: 0, Errors: 24, Skipped: 0
[INFO] 
[INFO] ------------------------------------------------------------------------
[INFO] BUILD FAILURE
[INFO] ------------------------------------------------------------------------
[INFO] Total time:  4.337 s
[INFO] Finished at: 2021-04-27T10:44:21-06:00
[INFO] ------------------------------------------------------------------------
[ERROR] Failed to execute goal org.apache.maven.plugins:maven-surefire-plugin:2.22.1:test (default-test) on project CSCI_466_Project: There are test failures.
[ERROR] 
[ERROR] Please refer to /home/carson/Projects/msu/csci-466-spring2021/grading/scripts/repos/walker_ward/target/surefire-reports for the individual test results.
[ERROR] Please refer to dump files (if any exist) [date].dump, [date]-jvmRun[N].dump and [date].dumpstream.
[ERROR] -> [Help 1]
[ERROR] 
[ERROR] To see the full stack trace of the errors, re-run Maven with the -e switch.
[ERROR] Re-run Maven using the -X switch to enable full debug logging.
[ERROR] 
[ERROR] For more information about the errors and possible solutions, please read the following articles:
[ERROR] [Help 1] http://cwiki.apache.org/confluence/display/MAVEN/MojoFailureException
